2025-09-09 22:38:37,666 - __main__ - ERROR - Application error: can't compare offset-naive and offset-aware datetimes
Traceback (most recent call last):
  File "/Users/hungvo2010/side-projects/news-filtering/main.py", line 128, in main
    articles = test_pipeline()
  File "/Users/hungvo2010/side-projects/news-filtering/main.py", line 81, in test_pipeline
    filtered_articles = filter_and_select(
        articles,
    ...<2 lines>...
        limit=5
    )
  File "/Users/hungvo2010/side-projects/news-filtering/src/filter.py", line 139, in filter_and_select
    selected = sort_and_limit(categorized, limit)
  File "/Users/hungvo2010/side-projects/news-filtering/src/filter.py", line 87, in sort_and_limit
    categorized_articles[category].sort(
    ~~~~~~~~~~~~~~~~~~~~~~~~~~~~~~~~~~~^
        key=lambda x: x.get('publish_time', 0),
        ^^^^^^^^^^^^^^^^^^^^^^^^^^^^^^^^^^^^^^^
        reverse=True
        ^^^^^^^^^^^^
    )
    ^
TypeError: can't compare offset-naive and offset-aware datetimes
2025-09-09 22:38:52,841 - __main__ - ERROR - Application error: can't compare offset-naive and offset-aware datetimes
Traceback (most recent call last):
  File "/Users/hungvo2010/side-projects/news-filtering/main.py", line 128, in main
    articles = test_pipeline()
  File "/Users/hungvo2010/side-projects/news-filtering/main.py", line 81, in test_pipeline
    filtered_articles = filter_and_select(
        articles,
    ...<2 lines>...
        limit=5
    )
  File "/Users/hungvo2010/side-projects/news-filtering/src/filter.py", line 139, in filter_and_select
    selected = sort_and_limit(categorized, limit)
  File "/Users/hungvo2010/side-projects/news-filtering/src/filter.py", line 87, in sort_and_limit
    categorized_articles[category].sort(
    ~~~~~~~~~~~~~~~~~~~~~~~~~~~~~~~~~~~^
        key=lambda x: x.get('publish_time', 0),
        ^^^^^^^^^^^^^^^^^^^^^^^^^^^^^^^^^^^^^^^
        reverse=True
        ^^^^^^^^^^^^
    )
    ^
TypeError: can't compare offset-naive and offset-aware datetimes
2025-09-09 22:39:29,569 - __main__ - ERROR - Application error: can't compare offset-naive and offset-aware datetimes
Traceback (most recent call last):
  File "/Users/hungvo2010/side-projects/news-filtering/main.py", line 128, in main
    articles = test_pipeline()
  File "/Users/hungvo2010/side-projects/news-filtering/main.py", line 81, in test_pipeline
    filtered_articles = filter_and_select(
        articles,
    ...<2 lines>...
        limit=5
    )
  File "/Users/hungvo2010/side-projects/news-filtering/src/filter.py", line 139, in filter_and_select
    selected = sort_and_limit(categorized, limit)
  File "/Users/hungvo2010/side-projects/news-filtering/src/filter.py", line 87, in sort_and_limit
    categorized_articles[category].sort(
    ~~~~~~~~~~~~~~~~~~~~~~~~~~~~~~~~~~~^
        key=lambda x: x.get('publish_time', 0),
        ^^^^^^^^^^^^^^^^^^^^^^^^^^^^^^^^^^^^^^^
        reverse=True
        ^^^^^^^^^^^^
    )
    ^
TypeError: can't compare offset-naive and offset-aware datetimes
2025-09-09 22:40:21,203 - root - INFO - Email sending attempt 1/3
2025-09-09 22:40:24,703 - root - INFO - Email sent successfully to 1 recipients
2025-09-09 22:41:19,652 - root - INFO - Email sending attempt 1/3
2025-09-09 22:41:23,518 - root - INFO - Email sent successfully to 1 recipients
2025-09-09 22:51:04,748 - root - INFO - Email sending attempt 1/3
2025-09-09 22:51:08,099 - root - INFO - Email sent successfully to 1 recipients
2025-09-09 22:51:19,825 - root - INFO - Email sending attempt 1/3
2025-09-09 22:51:22,946 - root - INFO - Email sent successfully to 1 recipients
2025-09-09 22:51:57,454 - root - INFO - Email sending attempt 1/3
2025-09-09 22:52:00,746 - root - INFO - Email sent successfully to 1 recipients
2025-09-09 22:54:34,323 - root - INFO - Email sending attempt 1/3
2025-09-09 22:54:37,685 - root - INFO - Email sent successfully to 1 recipients
2025-09-09 22:57:25,211 - root - INFO - Email sending attempt 1/3
2025-09-09 22:57:28,541 - root - INFO - Email sent successfully to 1 recipients
